This is LuaTeX, Version 1.0.4 (TeX Live 2017)  (format=lualatex 2017.11.22)  21 FEB 2018 23:53
 restricted system commands enabled.
**publication.tex
(./publication.tex
LaTeX2e <2017-04-15>
Lua module: luaotfload-main 2017/01/29 2.80001 OpenType layout system.
Lua module: lualibs 2017-02-01 2.5 ConTeXt Lua standard libraries.
Lua module: lualibs-extended 2017-02-01 2.5 ConTeXt Lua libraries -- extended co
llection.(using write cache: /Users/vrajroham/Library/texlive/2017/texmf-var/lua
tex-cache/generic)(using read cache: /usr/local/texlive/2017/texmf-var/luatex-ca
che/generic /Users/vrajroham/Library/texlive/2017/texmf-var/luatex-cache/generic
)
luaotfload | conf : Root cache directory is /Users/vrajroham/Library/texlive/201
7/texmf-var/luatex-cache/generic/names.
luaotfload | init : Loading fontloader “fontloader-2017-02-11.lua” from kpse
-resolved path “/usr/local/texlive/2017/texmf-dist/tex/luatex/luaotfload/fontl
oader-2017-02-11.lua”.
Lua-only attribute luaotfload@state = 1
Lua-only attribute luaotfload@noligature = 2
Lua-only attribute luaotfload@syllabe = 3
luaotfload | init : Context OpenType loader version “3.027”
Inserting `luaotfload.node_processor' at position 1 in `pre_linebreak_filter'.
Inserting `luaotfload.node_processor' at position 1 in `hpack_filter'.
Inserting `luaotfload.define_font' at position 1 in `define_font'.
Lua-only attribute luaotfload_color_attribute = 4
luaotfload | conf : Root cache directory is /Users/vrajroham/Library/texlive/201
7/texmf-var/luatex-cache/generic/names.
Inserting `luaotfload.aux.set_sscale_dimens' at position 1 in `luaotfload.patch_
font'.
Inserting `luaotfload.aux.patch_cambria_domh' at position 2 in `luaotfload.patch
_font'.
Inserting `luaotfload.aux.fixup_fontdata' at position 1 in `luaotfload.patch_fon
t_unsafe'.
Inserting `luaotfload.aux.set_capheight' at position 3 in `luaotfload.patch_font
'.
Inserting `luaotfload.rewrite_fontname' at position 4 in `luaotfload.patch_font'
.
luaotfload | main : initialization completed in 0.139 seconds
Babel <3.10> and hyphenation patterns for 1 language(s) loaded.
! Undefined control sequence.
l.4 \cvsection
            {Publication}
The control sequence at the end of the top line
of your error message was never \def'ed. If you have
misspelled it (e.g., `\hobx'), type `I' and the correct
spelling (e.g., `I\hbox'). Otherwise just continue,
and I'll forget about whatever was undefined.


! LaTeX Error: Missing \begin{document}.

See the LaTeX manual or LaTeX Companion for explanation.
Type  H <return>  for immediate help.
 ...                                              
                                                  
l.4 \cvsection{P
              ublication}
You're in trouble here.  Try typing  <return>  to proceed.
If that doesn't work, type  X <return>  to quit.


Overfull \hbox (20.0pt too wide) in paragraph at lines 4--5
[]Publication 
 []

! Undefined control sequence.
l.12 \cvsubsection
                {International Journal}
The control sequence at the end of the top line
of your error message was never \def'ed. If you have
misspelled it (e.g., `\hobx'), type `I' and the correct
spelling (e.g., `I\hbox'). Otherwise just continue,
and I'll forget about whatever was undefined.


! LaTeX Error: Missing \begin{document}.

See the LaTeX manual or LaTeX Companion for explanation.
Type  H <return>  for immediate help.
 ...                                              
                                                  
l.12 \cvsubsection{I
                  nternational Journal}
You're in trouble here.  Try typing  <return>  to proceed.
If that doesn't work, type  X <return>  to quit.


! LaTeX Error: Environment cventries undefined.

See the LaTeX manual or LaTeX Companion for explanation.
Type  H <return>  for immediate help.
 ...                                              
                                                  
l.13 \begin{cventries}
                    
Your command was ignored.
Type  I <command> <return>  to replace it with another command,
or  <return>  to continue without it.


Overfull \hbox (20.0pt too wide) in paragraph at lines 12--14
[]International
 []

! Undefined control sequence.
l.16   \cvpublicationentry
                        
The control sequence at the end of the top line
of your error message was never \def'ed. If you have
misspelled it (e.g., `\hobx'), type `I' and the correct
spelling (e.g., `I\hbox'). Otherwise just continue,
and I'll forget about whatever was undefined.


! LaTeX Error: Missing \begin{document}.

See the LaTeX manual or LaTeX Companion for explanation.
Type  H <return>  for immediate help.
 ...                                              
                                                  
l.17     {P
         ublisher - IJCA} % Publisher
You're in trouble here.  Try typing  <return>  to proceed.
If that doesn't work, type  X <return>  to quit.

luaotfload | db : Font names database loaded from /Users/vrajroham/Library/texli
ve/2017/texmf-var/luatex-cache/generic/names/luaotfload-names.luc(load luc: /Use
rs/vrajroham/Library/texlive/2017/texmf-var/luatex-cache/generic/fonts/otl/lmrom
an10-bold.luc)
Overfull \hbox (20.0pt too wide) in paragraph at lines 17--24
[]Publisher
 []


Overfull \hbox (26.73pt too wide) in paragraph at lines 17--24
\TU/lmr/bx/n/10 Vaib-
 []


Overfull \hbox (31.89pt too wide) in paragraph at lines 17--24
\TU/lmr/bx/n/10 havraj
 []


Overfull \hbox (18.21pt too wide) in paragraph at lines 17--24
\TU/lmr/bx/n/10 Ro-
 []


Overfull \hbox (21.56pt too wide) in paragraph at lines 17--24
\TU/lmr/bx/n/10 ham\nullfont ,
 []


! LaTeX Error: \begin{document} ended by \end{cventries}.

See the LaTeX manual or LaTeX Companion for explanation.
Type  H <return>  for immediate help.
 ...                                              
                                                  
l.26 \end{cventries}
                  
Your command was ignored.
Type  I <command> <return>  to replace it with another command,
or  <return>  to continue without it.

)
! Emergency stop.
<*> publication.tex
                
*** (job aborted, no legal \end found)



Here is how much of LuaTeX's memory you used:
 13 strings out of 494481
 100000,89155 words of node,token memory allocated 2788 words of node memory still in use:
   13 hlist, 2 disc, 3 local_par, 1 dir, 58 glue, 3 kern, 8 penalty, 313 glyph, 
16 attribute, 35 glue_spec, 16 attribute_list nodes
   avail lists: 2:2,3:1,4:26,5:2,7:40,8:1,10:25
 4259 multiletter control sequences out of 65536+600000
 15 fonts using 723367 bytes
 13i,1n,8p,124b,75s stack positions out of 5000i,500n,10000p,200000b,100000s
!  ==> Fatal error occurred, no output PDF file produced!
